<?xml version="1.0" encoding="UTF-8"?>
<testsuite xmlns:xsi="http://www.w3.org/2001/XMLSchema-instance" xsi:schemaLocation="https://maven.apache.org/surefire/maven-surefire-plugin/xsd/surefire-test-report.xsd" name="EndangeredAnimalsTest" time="7.146" tests="7" errors="7" skipped="0" failures="0">
  <properties>
[...]
</properties>
  <testcase name="findByIdReturnsCorrectInfo" classname="EndangeredAnimalsTest" time="1.133">
    <error message="Could not acquire a connection from DataSource - FATAL: no pg_hba.conf entry for host &quot;197.237.24.209&quot;, user &quot;tlafeaczpyudbw&quot;, database &quot;d7m5mfo9caefm6&quot;, SSL off" type="org.sql2o.Sql2oException">org.sql2o.Sql2oException: Could not acquire a connection from DataSource - FATAL: no pg_hba.conf entry for host "197.237.24.209", user "tlafeaczpyudbw", database "d7m5mfo9caefm6", SSL off
Caused by: org.postgresql.util.PSQLException: FATAL: no pg_hba.conf entry for host "197.237.24.209", user "tlafeaczpyudbw", database "d7m5mfo9caefm6", SSL off
</error>
  </testcase>
  <testcase name="deleteAllEntries" classname="EndangeredAnimalsTest" time="1.093">
    <error message="Could not acquire a connection from DataSource - FATAL: no pg_hba.conf entry for host &quot;197.237.24.209&quot;, user &quot;tlafeaczpyudbw&quot;, database &quot;d7m5mfo9caefm6&quot;, SSL off" type="org.sql2o.Sql2oException">org.sql2o.Sql2oException: Could not acquire a connection from DataSource - FATAL: no pg_hba.conf entry for host "197.237.24.209", user "tlafeaczpyudbw", database "d7m5mfo9caefm6", SSL off
Caused by: org.postgresql.util.PSQLException: FATAL: no pg_hba.conf entry for host "197.237.24.209", user "tlafeaczpyudbw", database "d7m5mfo9caefm6", SSL off
</error>
  </testcase>
  <testcase name="ensureNameFieldCannotBeEmpty" classname="EndangeredAnimalsTest" time="0.614">
    <error message="Could not acquire a connection from DataSource - FATAL: no pg_hba.conf entry for host &quot;197.237.24.209&quot;, user &quot;tlafeaczpyudbw&quot;, database &quot;d7m5mfo9caefm6&quot;, SSL off" type="org.sql2o.Sql2oException">org.sql2o.Sql2oException: Could not acquire a connection from DataSource - FATAL: no pg_hba.conf entry for host "197.237.24.209", user "tlafeaczpyudbw", database "d7m5mfo9caefm6", SSL off
Caused by: org.postgresql.util.PSQLException: FATAL: no pg_hba.conf entry for host "197.237.24.209", user "tlafeaczpyudbw", database "d7m5mfo9caefm6", SSL off
</error>
  </testcase>
  <testcase name="testInstanceOfEndangeredAnimalsClass_true" classname="EndangeredAnimalsTest" time="0.615">
    <error message="Could not acquire a connection from DataSource - FATAL: no pg_hba.conf entry for host &quot;197.237.24.209&quot;, user &quot;tlafeaczpyudbw&quot;, database &quot;d7m5mfo9caefm6&quot;, SSL off" type="org.sql2o.Sql2oException">org.sql2o.Sql2oException: Could not acquire a connection from DataSource - FATAL: no pg_hba.conf entry for host "197.237.24.209", user "tlafeaczpyudbw", database "d7m5mfo9caefm6", SSL off
Caused by: org.postgresql.util.PSQLException: FATAL: no pg_hba.conf entry for host "197.237.24.209", user "tlafeaczpyudbw", database "d7m5mfo9caefm6", SSL off
</error>
  </testcase>
  <testcase name="allInstancesAreSaved" classname="EndangeredAnimalsTest" time="1.228">
    <error message="Could not acquire a connection from DataSource - FATAL: no pg_hba.conf entry for host &quot;197.237.24.209&quot;, user &quot;tlafeaczpyudbw&quot;, database &quot;d7m5mfo9caefm6&quot;, SSL off" type="org.sql2o.Sql2oException">org.sql2o.Sql2oException: Could not acquire a connection from DataSource - FATAL: no pg_hba.conf entry for host "197.237.24.209", user "tlafeaczpyudbw", database "d7m5mfo9caefm6", SSL off
Caused by: org.postgresql.util.PSQLException: FATAL: no pg_hba.conf entry for host "197.237.24.209", user "tlafeaczpyudbw", database "d7m5mfo9caefm6", SSL off
</error>
  </testcase>
  <testcase name="deleteByID" classname="EndangeredAnimalsTest" time="1.126">
    <error message="Could not acquire a connection from DataSource - FATAL: no pg_hba.conf entry for host &quot;197.237.24.209&quot;, user &quot;tlafeaczpyudbw&quot;, database &quot;d7m5mfo9caefm6&quot;, SSL off" type="org.sql2o.Sql2oException">org.sql2o.Sql2oException: Could not acquire a connection from DataSource - FATAL: no pg_hba.conf entry for host "197.237.24.209", user "tlafeaczpyudbw", database "d7m5mfo9caefm6", SSL off
Caused by: org.postgresql.util.PSQLException: FATAL: no pg_hba.conf entry for host "197.237.24.209", user "tlafeaczpyudbw", database "d7m5mfo9caefm6", SSL off
</error>
  </testcase>
  <testcase name="ensureEntryIsUpdatedCorrectly" classname="EndangeredAnimalsTest" time="1.337">
    <error message="Could not acquire a connection from DataSource - FATAL: no pg_hba.conf entry for host &quot;197.237.24.209&quot;, user &quot;tlafeaczpyudbw&quot;, database &quot;d7m5mfo9caefm6&quot;, SSL off" type="org.sql2o.Sql2oException">org.sql2o.Sql2oException: Could not acquire a connection from DataSource - FATAL: no pg_hba.conf entry for host "197.237.24.209", user "tlafeaczpyudbw", database "d7m5mfo9caefm6", SSL off
Caused by: org.postgresql.util.PSQLException: FATAL: no pg_hba.conf entry for host "197.237.24.209", user "tlafeaczpyudbw", database "d7m5mfo9caefm6", SSL off
</error>
  </testcase>
</testsuite>